Log file open, 06/07/17 15:56:55
LogInit:Display: Running engine for game: ProjectCyberShot
LogPlatformFile: Not using cached read wrapper
LogInit:Display: RandInit(-774222989) SRandInit(-774222986).
LogTaskGraph: Started task graph with 4 named threads and 7 total threads with 1 sets of task threads.
LogStats: Stats thread started at 0.199188
LogInit: Version: 4.12.5-3039270+++UE4+Release-4.12
LogInit: API Version: 2992821
LogInit: Net Version: 3039270
LogDevObjectVersion: Number of dev versions registered: 13
LogDevObjectVersion:   Dev-Blueprints (B0D832E4-1F89-4F0D-ACCF-7EB736FD4AA2): 3
LogDevObjectVersion:   Dev-Build (E1C64328-A22C-4D53-A36C-8E866417BD8C): 0
LogDevObjectVersion:   Dev-Core (375EC13C-06E4-48FB-B500-84F0262A717E): 1
LogDevObjectVersion:   Dev-Editor (E4B068ED-F494-42E9-A231-DA0B2E46BB41): 2
LogDevObjectVersion:   Dev-Framework (CFFC743F-43B0-4480-9391-14DF171D2073): 6
LogDevObjectVersion:   Dev-Mobile (B02B49B5-BB20-44E9-A304-32B752E40360): 0
LogDevObjectVersion:   Dev-Networking (A4E4105C-59A1-49B5-A7C5-40C4547EDFEE): 0
LogDevObjectVersion:   Dev-Online (39C831C9-5AE6-47DC-9A44-9C173E1C8E7C): 0
LogDevObjectVersion:   Dev-Physics (78F01B33-EBEA-4F98-B9B4-84EACCB95AA2): 0
LogDevObjectVersion:   Dev-Platform (6631380F-2D4D-43E0-8009-CF276956A95A): 0
LogDevObjectVersion:   Dev-Rendering (12F88B9F-8875-4AFC-A67C-D90C383ABD29): 2
LogDevObjectVersion:   Dev-Sequencer (7B5AE74C-D270-4C10-A958-57980B212A5A): 0
LogDevObjectVersion:   Dev-VR (D7296918-1DD6-4BDD-9DE2-64A83CC13884): 0
LogInit: Compiled (64-bit): Jul  6 2016 09:09:46
LogInit: Compiled with Visual C++: 19.00.23026.00
LogInit: Build Configuration: Development
LogInit: Branch Name: ++UE4+Release-4.12
LogInit: Command line:  
LogInit: Base directory: C:/Program Files (x86)/Epic Games/4.12/Engine/Binaries/Win64/
LogInit: Installed Engine Build: 1
LogInit: Using libcurl 7.41.0
LogInit:  - built for x86_64-pc-win32
LogInit:  - supports SSL with WinSSL
LogInit:  - other features:
LogInit:      CURL_VERSION_SSL
LogInit:      CURL_VERSION_IPV6
LogInit:      CURL_VERSION_ASYNCHDNS
LogInit:      CURL_VERSION_LARGEFILE
LogInit:      CURL_VERSION_IDN
LogInit:  CurlRequestOptions (configurable via config and command line):
LogInit:  - bVerifyPeer = true  - Libcurl will verify peer certificate
LogInit:  - bUseHttpProxy = false  - Libcurl will NOT use HTTP proxy
LogInit:  - bDontReuseConnections = false  - Libcurl will reuse connections
LogInit:  - CertBundlePath = nullptr  - Libcurl will use whatever was configured at build time.
LogInit: Presizing for max 8388607 objects, including 0 objects not considered by GC, pre-allocating 0 bytes for permanent pool.
LogInit: Object subsystem initialized
[2017.06.07-19.56.55:609][  0]LogInit: Selected Device Profile: [Windows]
[2017.06.07-19.56.55:609][  0]LogInit: Applying CVar settings loaded from the selected device profile: [Windows]
[2017.06.07-19.56.55:637][  0]LogInit: Computer: MIDNIGHT
[2017.06.07-19.56.55:637][  0]LogInit: User: Midnight
[2017.06.07-19.56.55:637][  0]LogInit: CPU Page size=65536, Cores=4
[2017.06.07-19.56.55:637][  0]LogInit: High frequency timer resolution =2.436850 MHz
[2017.06.07-19.56.55:639][  0]LogMemory: Memory total: Physical=6.9GB (7GB approx)
[2017.06.07-19.56.55:639][  0]LogMemory: Platform Memory Stats for Windows
[2017.06.07-19.56.55:639][  0]LogMemory: Process Physical Memory: 190.12 MB used, 190.12 MB peak
[2017.06.07-19.56.55:639][  0]LogMemory: Process Virtual Memory: 195.14 MB used, 195.14 MB peak
[2017.06.07-19.56.55:639][  0]LogMemory: Physical Memory: 3021.53 MB used, 7114.44 MB total
[2017.06.07-19.56.55:639][  0]LogMemory: Virtual Memory: 539.02 MB used, 134217728.00 MB total
[2017.06.07-19.56.55:813][  0]LogTextLocalizationManager: No specific translations for ('en-US') exist, so ('en') translations will be used.
[2017.06.07-19.56.56:690][  0]LogD3D11RHI: D3D11 adapters:
[2017.06.07-19.56.56:737][  0]LogD3D11RHI:    0. 'AMD Radeon(TM) R6 Graphics' (Feature Level 11_0)
[2017.06.07-19.56.56:737][  0]LogD3D11RHI:       992/0/3557 MB DedicatedVideo/DedicatedSystem/SharedSystem, Outputs:1, VendorId:0x1002
[2017.06.07-19.56.56:741][  0]LogD3D11RHI:    1. 'Microsoft Basic Render Driver' (Feature Level 11_0)
[2017.06.07-19.56.56:741][  0]LogD3D11RHI:       0/0/3557 MB DedicatedVideo/DedicatedSystem/SharedSystem, Outputs:0, VendorId:0x1414
[2017.06.07-19.56.56:741][  0]LogD3D11RHI: Chosen D3D11 Adapter: 0
[2017.06.07-19.56.56:758][  0]LogD3D11RHI: Creating new Direct3DDevice
[2017.06.07-19.56.56:758][  0]LogD3D11RHI:     GPU DeviceId: 0x130d (for the marketing name, search the web for "GPU Device Id")
[2017.06.07-19.56.56:759][  0]LogWindows: EnumDisplayDevices:
[2017.06.07-19.56.56:759][  0]LogWindows:    0. 'AMD Radeon(TM) R6 Graphics' (P:1 D:1)
[2017.06.07-19.56.56:760][  0]LogWindows:    1. 'AMD Radeon(TM) R6 Graphics' (P:0 D:0)
[2017.06.07-19.56.56:761][  0]LogWindows:    2. 'AMD Radeon(TM) R6 Graphics' (P:0 D:0)
[2017.06.07-19.56.56:762][  0]LogWindows:    3. 'AMD Radeon(TM) R6 Graphics' (P:0 D:0)
[2017.06.07-19.56.56:762][  0]LogWindows: DebugString: FoundDriverCount:4 
[2017.06.07-19.56.56:763][  0]LogD3D11RHI:     Adapter Name: AMD Radeon(TM) R6 Graphics
[2017.06.07-19.56.56:763][  0]LogD3D11RHI:   Driver Version: Crimson ReLive 17.1.1 (internal:22.19.162.4, unified:22.19.162.4)
[2017.06.07-19.56.56:763][  0]LogD3D11RHI:      Driver Date: 4-24-2017
[2017.06.07-19.56.56:763][  0]LogRHI: Texture pool is 694 MB (70% of 992 MB)
[2017.06.07-19.56.56:786][  0]LogD3D11RHI: Async texture creation disabled: no driver support
[2017.06.07-19.56.56:832][  0]LogD3D11RHI: GPU Timing Frequency: 100.000000 (Debug: 2 1)
[2017.06.07-19.56.56:843][  0]LogShaderCompilers: Guid format shader working directory is -26 characters bigger than the processId version (../../../../../../Users/Midnight/Desktop/CyberShotTesting/ProjectCyberShot/Intermediate/Shaders/WorkingDirectory/11440/).
[2017.06.07-19.56.56:843][  0]LogShaderCompilers: Cleaned the shader compiler working directory 'C:/Users/Midnight/AppData/Local/Temp/UnrealShaderWorkingDir/911BBBF5455C7055F09834A173DBB015/'.
[2017.06.07-19.56.56:844][  0]LogShaderCompilers:Display: Using Local Shader Compiler.
[2017.06.07-19.56.59:708][  0]LogTemp:Display: Loaded TP AllDesktopTargetPlatform
[2017.06.07-19.56.59:736][  0]LogTemp:Display: Loaded TP WindowsClientTargetPlatform
[2017.06.07-19.56.59:763][  0]LogTemp:Display: Loaded TP WindowsNoEditorTargetPlatform
[2017.06.07-19.56.59:793][  0]LogTemp:Display: Loaded TP WindowsServerTargetPlatform
[2017.06.07-19.56.59:821][  0]LogTemp:Display: Loaded TP WindowsTargetPlatform
[2017.06.07-19.56.59:842][  0]LogTemp:Display: Loaded TP AndroidTargetPlatform
[2017.06.07-19.56.59:863][  0]LogTemp:Display: Loaded TP Android_ASTCTargetPlatform
[2017.06.07-19.56.59:884][  0]LogTemp:Display: Loaded TP Android_ATCTargetPlatform
[2017.06.07-19.56.59:905][  0]LogTemp:Display: Loaded TP Android_DXTTargetPlatform
[2017.06.07-19.56.59:926][  0]LogTemp:Display: Loaded TP Android_ETC1TargetPlatform
[2017.06.07-19.56.59:947][  0]LogTemp:Display: Loaded TP Android_ETC2TargetPlatform
[2017.06.07-19.56.59:989][  0]LogTemp:Display: Loaded TP Android_MultiTargetPlatform
[2017.06.07-19.56.59:990][  0]LogTemp:Display: Loaded TP Android_PVRTCTargetPlatform
[2017.06.07-19.56.59:995][  0]LogTemp:Display: Loaded TP HTML5TargetPlatform
[2017.06.07-19.57.00:047][  0]LogTemp:Display: Loaded TP IOSTargetPlatform
[2017.06.07-19.57.00:066][  0]LogTemp:Display: Loaded TP TVOSTargetPlatform
[2017.06.07-19.57.00:086][  0]LogTemp:Display: Loaded TP LinuxNoEditorTargetPlatform
[2017.06.07-19.57.00:106][  0]LogTemp:Display: Loaded TP LinuxServerTargetPlatform
[2017.06.07-19.57.00:129][  0]LogTemp:Display: Loaded TP LinuxTargetPlatform
[2017.06.07-19.57.00:129][  0]LogTargetPlatformManager:Display: Building Assets For Windows
[2017.06.07-19.57.00:487][  0]LogDerivedDataCache:Display: Max Cache Size: 512 MB
[2017.06.07-19.57.00:871][  0]LogDerivedDataCache: Loaded boot cache 0.38s 48MB C:/Users/Midnight/AppData/Local/UnrealEngine/4.12/DerivedDataCache/Boot.ddc.
[2017.06.07-19.57.00:873][  0]LogDerivedDataCache:Display: Loaded Boot cache: C:/Users/Midnight/AppData/Local/UnrealEngine/4.12/DerivedDataCache/Boot.ddc
[2017.06.07-19.57.00:873][  0]LogDerivedDataCache: FDerivedDataBackendGraph:  Pak pak cache file ../../../../../../Users/Midnight/Desktop/CyberShotTesting/ProjectCyberShot/DerivedDataCache/DDC.ddp not found, will not use a pak cache.
[2017.06.07-19.57.00:873][  0]LogDerivedDataCache: Unable to find inner node Pak for hierarchical cache Hierarchy.
[2017.06.07-19.57.00:873][  0]LogDerivedDataCache: FDerivedDataBackendGraph:  CompressedPak pak cache file ../../../../../../Users/Midnight/Desktop/CyberShotTesting/ProjectCyberShot/DerivedDataCache/Compressed.ddp not found, will not use a pak cache.
[2017.06.07-19.57.00:873][  0]LogDerivedDataCache: Unable to find inner node CompressedPak for hierarchical cache Hierarchy.
[2017.06.07-19.57.00:911][  0]LogDerivedDataCache:Display: Pak cache opened for reading ../../../Engine/DerivedDataCache/Compressed.ddp.
[2017.06.07-19.57.00:925][  0]LogDerivedDataCache: Using Local data cache path C:/Users/Midnight/AppData/Local/UnrealEngine/Common/DerivedDataCache: Writable
[2017.06.07-19.57.01:855][  0]LogInit: Selected Device Profile: [Windows]
[2017.06.07-19.57.01:860][  0]LogContentStreaming: Texture pool size is 0.00 MB
[2017.06.07-19.57.02:419][  0]LogMeshUtilities: No automatic mesh reduction module available
[2017.06.07-19.57.02:419][  0]LogMeshUtilities: No automatic mesh merging module available
[2017.06.07-19.57.02:419][  0]LogMeshUtilities: No distributed automatic mesh merging module available
[2017.06.07-19.57.03:377][  0]LogAssetRegistry: FAssetRegistry took 0.0258 seconds to start up
[2017.06.07-19.57.03:482][  0]LogPackageLocalizationCache: Processed 3 localized package path(s) for 2 prioritized culture(s) in 0.087720 seconds
[2017.06.07-19.57.03:500][  0]LogUObjectArray: 28739 objects as part of root set at end of initial load.
[2017.06.07-19.57.03:500][  0]LogUObjectAllocator: 5855624 out of 0 bytes used by permanent object pool.
[2017.06.07-19.57.03:500][  0]LogUObjectArray: CloseDisregardForGC: 0/0 objects in disregard for GC pool
[2017.06.07-19.57.03:562][  0]LogInit: WinSock: version 1.1 (2.2), MaxSocks=32767, MaxUdp=65467
[2017.06.07-19.57.04:483][  0]LogSlate: SlateFontCache - WITH_FREETYPE: 1, WITH_HARFBUZZ: 1
[2017.06.07-19.57.04:483][  0]LogSlate: SlateFontCache - WITH_FREETYPE: 1, WITH_HARFBUZZ: 1
[2017.06.07-19.57.08:124][  0]LogUdpMessaging: Initializing bridge on interface 0.0.0.0:0 to multicast group 230.0.0.1:6666.
[2017.06.07-19.57.08:848][  0]SourceControl: Info Source control is disabled
[2017.06.07-19.57.09:013][  0]SourceControl: Info Source control is disabled
[2017.06.07-19.57.09:060][  0]SourceControl: Info Source control is disabled
[2017.06.07-19.57.09:102][  0]SourceControl: Info Source control is disabled
[2017.06.07-19.57.10:117][  0]LogEngine: Initializing Engine...
[2017.06.07-19.57.10:126][  0]LogHMD: SteamVR failed to initialize.  Err: 110
[2017.06.07-19.57.10:129][  0]LogHMD: SteamVR failed to initialize.  Err: 110
[2017.06.07-19.57.10:560][  0]LogAIModule: Creating AISystem for world NewWorld
[2017.06.07-19.57.10:588][  0]LogInit: XAudio2 using 'Speakers (Realtek High Definition Audio)' : 2 channels at 48 kHz using 32 bits per sample (channel mask 0x3)
[2017.06.07-19.57.10:631][  0]LogInit: FAudioDevice initialized.
[2017.06.07-19.57.10:726][  0]LogDerivedDataCache: Saved boot cache 0.10s 48MB C:/Users/Midnight/AppData/Local/UnrealEngine/4.12/DerivedDataCache/Boot.ddc.
[2017.06.07-19.57.10:754][  0]LogInit: Texture streaming: Enabled
[2017.06.07-19.57.10:866][  0]LogInit: Transaction tracking system initialized
[2017.06.07-19.57.11:004][  0]BlueprintLog: New page: Editor Load
[2017.06.07-19.57.11:438][  0]LocalizationService: Info Localization service is disabled
[2017.06.07-19.57.11:726][  0]LogConsoleResponse:Display: 
[2017.06.07-19.57.12:109][  0]LogCook:Display: Max memory allowance for cook 8192mb
[2017.06.07-19.57.12:109][  0]LogCook:Display: Mobile HDR setting 1
[2017.06.07-19.57.12:129][  0]LogFileCache: Scanning file cache for directory 'C:/Users/Midnight/Desktop/CyberShotTesting/ProjectCyberShot/Content/' took 0.03s
[2017.06.07-19.57.12:635][  0]SourceControl: Info Source control is disabled
[2017.06.07-19.57.12:637][  0]Cmd: MAP LOAD FILE="../../../../../../Users/Midnight/Desktop/CyberShotTesting/ProjectCyberShot/Content/FirstPersonBP/Maps/FirstPersonExampleMap.umap" TEMPLATE=0 SHOWPROGRESS=1 FEATURELEVEL=3
[2017.06.07-19.57.12:642][  0]LightingResults: New page: Lighting Build
[2017.06.07-19.57.12:662][  0]MapCheck: New page: Map Check
[2017.06.07-19.57.12:662][  0]LightingResults: New page: Lighting Build
[2017.06.07-19.57.14:223][  0]LogAIModule: Creating AISystem for world FirstPersonExampleMap
[2017.06.07-19.57.14:281][  0]LogEditorServer: Finished looking for orphan Actors (0.000 secs)
[2017.06.07-19.57.14:284][  0]Cmd: MAP CHECKDEP NOCLEARLOG
[2017.06.07-19.57.14:498][  0]MapCheck: Info Map check complete: 0 Error(s), 0 Warning(s), took 214.023ms to complete.
[2017.06.07-19.57.14:499][  0]LogFileHelpers: Loading map 'FirstPersonExampleMap' took 1.863
[2017.06.07-19.57.14:883][  0]LogCollectionManager: Loaded 0 collections in 0.009177 seconds
[2017.06.07-19.57.14:963][  0]LogFileCache: Scanning file cache for directory 'C:/Users/Midnight/Desktop/CyberShotTesting/ProjectCyberShot/Saved/Collections/' took 0.01s
[2017.06.07-19.57.14:963][  0]LogFileCache: Scanning file cache for directory 'C:/Users/Midnight/Desktop/CyberShotTesting/ProjectCyberShot/Content/Developers/Midnight/Collections/' took 0.01s
[2017.06.07-19.57.14:963][  0]LogFileCache: Scanning file cache for directory 'C:/Users/Midnight/Desktop/CyberShotTesting/ProjectCyberShot/Content/Collections/' took 0.01s
[2017.06.07-19.57.14:963][  0]LogCollectionManager: Rebuilt the GUID cache for 0 collections in 0.000009 seconds
[2017.06.07-19.57.14:987][  0]LogContentBrowser: Native class hierarchy populated in 0.0209 seconds. Added 2052 classes and 374 folders.
[2017.06.07-19.57.15:004][  0]LogStats: UGameplayTagsManager::ConstructGameplayTagTree: Construct from data asset -  0.000 s
[2017.06.07-19.57.15:004][  0]LogStats: UGameplayTagsManager::ConstructGameplayTagTree: GameplayTagTreeChangedEvent.Broadcast -  0.000 s
[2017.06.07-19.57.15:006][  0]LogContentBrowser: Native class hierarchy updated for 'GameplayTags' in 0.0012 seconds. Added 12 classes and 0 folders.
[2017.06.07-19.57.15:028][  0]LogContentBrowser: Native class hierarchy updated for 'WidgetCarousel' in 0.0009 seconds. Added 0 classes and 0 folders.
[2017.06.07-19.57.15:329][  0]LogContentBrowser: Native class hierarchy updated for 'AddContentDialog' in 0.0014 seconds. Added 0 classes and 0 folders.
[2017.06.07-19.57.15:353][  0]LogContentBrowser: Native class hierarchy updated for 'SceneOutliner' in 0.0011 seconds. Added 1 classes and 2 folders.
[2017.06.07-19.57.15:599][  0]LogCrashTracker: Crashtracker disabled due to settings.
[2017.06.07-19.57.15:624][  0]LogUObjectGlobals:Warning: Failed to find object 'Class None.'
[2017.06.07-19.57.15:672][  0]LogContentBrowser: Native class hierarchy updated for 'HierarchicalLODOutliner' in 0.0011 seconds. Added 1 classes and 2 folders.
[2017.06.07-19.57.15:672][  0]LogLoad: Full Startup: 22.34 seconds (BP compile: 0.34 seconds)
[2017.06.07-19.57.15:672][  0]LogExternalProfiler: Found external profiler: VSPerf
[2017.06.07-19.57.15:672][  0]LogExternalProfiler: Using external profiler: VSPerf
[2017.06.07-19.57.15:684][  0]LogWindowsTextInputMethodSystem:Display: IME system now deactivated.
[2017.06.07-19.57.15:685][  0]LogOcInput: OculusInput pre-init called
[2017.06.07-19.57.15:718][  0]LogContentStreaming: Texture pool size now 1000 MB
[2017.06.07-19.57.16:058][  0]LogRenderer: Reallocating scene render targets to support 772x420 (Frame:2).
[2017.06.07-19.57.16:443][  3]LogAssetRegistry: Asset discovery search completed in 13.0891 seconds
[2017.06.07-19.57.16:443][  3]LogCollectionManager: Rebuilt the object cache for 0 collections in 0.000001 seconds (f