Log file open, 06/08/17 08:47:37
LogInit:Display: Running engine for game: ProjectCyberShot
LogPlatformFile: Not using cached read wrapper
LogInit:Display: RandInit(1057177850) SRandInit(1057177852).
LogTaskGraph: Started task graph with 4 named threads and 7 total threads with 1 sets of task threads.
LogStats: Stats thread started at 0.412812
LogInit: Version: 4.12.5-3039270+++UE4+Release-4.12
LogInit: API Version: 2992821
LogInit: Net Version: 3039270
LogDevObjectVersion: Number of dev versions registered: 13
LogDevObjectVersion:   Dev-Blueprints (B0D832E4-1F89-4F0D-ACCF-7EB736FD4AA2): 3
LogDevObjectVersion:   Dev-Build (E1C64328-A22C-4D53-A36C-8E866417BD8C): 0
LogDevObjectVersion:   Dev-Core (375EC13C-06E4-48FB-B500-84F0262A717E): 1
LogDevObjectVersion:   Dev-Editor (E4B068ED-F494-42E9-A231-DA0B2E46BB41): 2
LogDevObjectVersion:   Dev-Framework (CFFC743F-43B0-4480-9391-14DF171D2073): 6
LogDevObjectVersion:   Dev-Mobile (B02B49B5-BB20-44E9-A304-32B752E40360): 0
LogDevObjectVersion:   Dev-Networking (A4E4105C-59A1-49B5-A7C5-40C4547EDFEE): 0
LogDevObjectVersion:   Dev-Online (39C831C9-5AE6-47DC-9A44-9C173E1C8E7C): 0
LogDevObjectVersion:   Dev-Physics (78F01B33-EBEA-4F98-B9B4-84EACCB95AA2): 0
LogDevObjectVersion:   Dev-Platform (6631380F-2D4D-43E0-8009-CF276956A95A): 0
LogDevObjectVersion:   Dev-Rendering (12F88B9F-8875-4AFC-A67C-D90C383ABD29): 2
LogDevObjectVersion:   Dev-Sequencer (7B5AE74C-D270-4C10-A958-57980B212A5A): 0
LogDevObjectVersion:   Dev-VR (D7296918-1DD6-4BDD-9DE2-64A83CC13884): 0
LogInit: Compiled (64-bit): Jul  6 2016 09:09:46
LogInit: Compiled with Visual C++: 19.00.23026.00
LogInit: Build Configuration: Development
LogInit: Branch Name: ++UE4+Release-4.12
LogInit: Command line:  
LogInit: Base directory: C:/Program Files (x86)/Epic Games/4.12/Engine/Binaries/Win64/
LogInit: Installed Engine Build: 1
LogInit: Using libcurl 7.41.0
LogInit:  - built for x86_64-pc-win32
LogInit:  - supports SSL with WinSSL
LogInit:  - other features:
LogInit:      CURL_VERSION_SSL
LogInit:      CURL_VERSION_IPV6
LogInit:      CURL_VERSION_ASYNCHDNS
LogInit:      CURL_VERSION_LARGEFILE
LogInit:      CURL_VERSION_IDN
LogInit:  CurlRequestOptions (configurable via config and command line):
LogInit:  - bVerifyPeer = true  - Libcurl will verify peer certificate
LogInit:  - bUseHttpProxy = false  - Libcurl will NOT use HTTP proxy
LogInit:  - bDontReuseConnections = false  - Libcurl will reuse connections
LogInit:  - CertBundlePath = nullptr  - Libcurl will use whatever was configured at build time.
LogInit: Presizing for max 8388607 objects, including 0 objects not considered by GC, pre-allocating 0 bytes for permanent pool.
LogInit: Object subsystem initialized
[2017.06.08-12.47.37:611][  0]LogInit: Selected Device Profile: [Windows]
[2017.06.08-12.47.37:611][  0]LogInit: Applying CVar settings loaded from the selected device profile: [Windows]
[2017.06.08-12.47.37:644][  0]LogInit: Computer: MIDNIGHT
[2017.06.08-12.47.37:645][  0]LogInit: User: Midnight
[2017.06.08-12.47.37:645][  0]LogInit: CPU Page size=65536, Cores=4
[2017.06.08-12.47.37:645][  0]LogInit: High frequency timer resolution =2.436850 MHz
[2017.06.08-12.47.37:646][  0]LogMemory: Memory total: Physical=6.9GB (7GB approx)
[2017.06.08-12.47.37:647][  0]LogMemory: Platform Memory Stats for Windows
[2017.06.08-12.47.37:647][  0]LogMemory: Process Physical Memory: 192.42 MB used, 192.42 MB peak
[2017.06.08-12.47.37:647][  0]LogMemory: Process Virtual Memory: 195.17 MB used, 195.17 MB peak
[2017.06.08-12.47.37:647][  0]LogMemory: Physical Memory: 3804.78 MB used, 7114.44 MB total
[2017.06.08-12.47.37:647][  0]LogMemory: Virtual Memory: 539.50 MB used, 134217728.00 MB total
[2017.06.08-12.47.37:843][  0]LogTextLocalizationManager: No specific translations for ('en-US') exist, so ('en') translations will be used.
[2017.06.08-12.47.38:798][  0]LogD3D11RHI: D3D11 adapters:
[2017.06.08-12.47.38:846][  0]LogD3D11RHI:    0. 'AMD Radeon(TM) R6 Graphics' (Feature Level 11_0)
[2017.06.08-12.47.38:846][  0]LogD3D11RHI:       992/0/3557 MB DedicatedVideo/DedicatedSystem/SharedSystem, Outputs:1, VendorId:0x1002
[2017.06.08-12.47.38:851][  0]LogD3D11RHI:    1. 'Microsoft Basic Render Driver' (Feature Level 11_0)
[2017.06.08-12.47.38:851][  0]LogD3D11RHI:       0/0/3557 MB DedicatedVideo/DedicatedSystem/SharedSystem, Outputs:0, VendorId:0x1414
[2017.06.08-12.47.38:851][  0]LogD3D11RHI: Chosen D3D11 Adapter: 0
[2017.06.08-12.47.38:866][  0]LogD3D11RHI: Creating new Direct3DDevice
[2017.06.08-12.47.38:866][  0]LogD3D11RHI:     GPU DeviceId: 0x130d (for the marketing name, search the web for "GPU Device Id")
[2017.06.08-12.47.38:867][  0]LogWindows: EnumDisplayDevices:
[2017.06.08-12.47.38:867][  0]LogWindows:    0. 'AMD Radeon(TM) R6 Graphics' (P:1 D:1)
[2017.06.08-12.47.38:868][  0]LogWindows:    1. 'AMD Radeon(TM) R6 Graphics' (P:0 D:0)
[2017.06.08-12.47.38:868][  0]LogWindows:    2. 'AMD Radeon(TM) R6 Graphics' (P:0 D:0)
[2017.06.08-12.47.38:869][  0]LogWindows:    3. 'AMD Radeon(TM) R6 Graphics' (P:0 D:0)
[2017.06.08-12.47.38:870][  0]LogWindows: DebugString: FoundDriverCount:4 
[2017.06.08-12.47.38:871][  0]LogD3D11RHI:     Adapter Name: AMD Radeon(TM) R6 Graphics
[2017.06.08-12.47.38:871][  0]LogD3D11RHI:   Driver Version: Crimson ReLive 17.1.1 (internal:22.19.162.4, unified:22.19.162.4)
[2017.06.08-12.47.38:871][  0]LogD3D11RHI:      Driver Date: 4-24-2017
[2017.06.08-12.47.38:871][  0]LogRHI: Texture pool is 694 MB (70% of 992 MB)
[2017.06.08-12.47.38:895][  0]LogD3D11RHI: Async texture creation disabled: no driver support
[2017.06.08-12.47.38:942][  0]LogD3D11RHI: GPU Timing Frequency: 100.000000 (Debug: 2 1)
[2017.06.08-12.47.38:950][  0]LogShaderCompilers: Guid format shader working directory is -25 characters bigger than the processId version (../../../../../../Users/Midnight/Desktop/CyberShotTesting/ProjectCyberShot/Intermediate/Shaders/WorkingDirectory/5344/).
[2017.06.08-12.47.38:950][  0]LogShaderCompilers: Cleaned the shader compiler working directory 'C:/Users/Midnight/AppData/Local/Temp/UnrealShaderWorkingDir/B535E2F44AD47B7060006D91DFA343CD/'.
[2017.06.08-12.47.38:951][  0]LogShaderCompilers:Display: Using Local Shader Compiler.
[2017.06.08-12.47.43:888][  0]LogTemp:Display: Loaded TP AllDesktopTargetPlatform
[2017.06.08-12.47.43:917][  0]LogTemp:Display: Loaded TP WindowsClientTargetPlatform
[2017.06.08-12.47.43:948][  0]LogTemp:Display: Loaded TP WindowsNoEditorTargetPlatform
[2017.06.08-12.47.43:978][  0]LogTemp:Display: Loaded TP WindowsServerTargetPlatform
[2017.06.08-12.47.44:010][  0]LogTemp:Display: Loaded TP WindowsTargetPlatform
[2017.06.08-12.47.44:033][  0]LogTemp:Display: Loaded TP AndroidTargetPlatform
[2017.06.08-12.47.44:057][  0]LogTemp:Display: Loaded TP Android_ASTCTargetPlatform
[2017.06.08-12.47.44:079][  0]LogTemp:Display: Loaded TP Android_ATCTargetPlatform
[2017.06.08-12.47.44:101][  0]LogTemp:Display: Loaded TP Android_DXTTargetPlatform
[2017.06.08-12.47.44:127][  0]LogTemp:Display: Loaded TP Android_ETC1TargetPlatform
[2017.06.08-12.47.44:151][  0]LogTemp:Display: Loaded TP Android_ETC2TargetPlatform
[2017.06.08-12.47.44:201][  0]LogTemp:Display: Loaded TP Android_MultiTargetPlatform
[2017.06.08-12.47.44:201][  0]LogTemp:Display: Loaded TP Android_PVRTCTargetPlatform
[2017.06.08-12.47.44:211][  0]LogTemp:Display: Loaded TP HTML5TargetPlatform
[2017.06.08-12.47.44:266][  0]LogTemp:Display: Loaded TP IOSTargetPlatform
[2017.06.08-12.47.44:286][  0]LogTemp:Display: Loaded TP TVOSTargetPlatform
[2017.06.08-12.47.44:310][  0]LogTemp:Display: Loaded TP LinuxNoEditorTargetPlatform
[2017.06.08-12.47.44:333][  0]LogTemp:Display: Loaded TP LinuxServerTargetPlatform
[2017.06.08-12.47.44:357][  0]LogTemp:Display: Loaded TP LinuxTargetPlatform
[2017.06.08-12.47.44:357][  0]LogTargetPlatformManager:Display: Building Assets For Windows
[2017.06.08-12.47.44:762][  0]LogDerivedDataCache:Display: Max Cache Size: 512 MB
[2017.06.08-12.47.45:118][  0]LogDerivedDataCache: Loaded boot cache 0.36s 48MB C:/Users/Midnight/AppData/Local/UnrealEngine/4.12/DerivedDataCache/Boot.ddc.
[2017.06.08-12.47.45:119][  0]LogDerivedDataCache:Display: Loaded Boot cache: C:/Users/Midnight/AppData/Local/UnrealEngine/4.12/DerivedDataCache/Boot.ddc
[2017.06.08-12.47.45:120][  0]LogDerivedDataCache: FDerivedDataBackendGraph:  Pak pak cache file ../../../../../../Users/Midnight/Desktop/CyberShotTesting/ProjectCyberShot/DerivedDataCache/DDC.ddp not found, will not use a pak cache.
[2017.06.08-12.47.45:120][  0]LogDerivedDataCache: Unable to find inner node Pak for hierarchical cache Hierarchy.
[2017.06.08-12.47.45:120][  0]LogDerivedDataCache: FDerivedDataBackendGraph:  CompressedPak pak cache file ../../../../../../Users/Midnight/Desktop/CyberShotTesting/ProjectCyberShot/DerivedDataCache/Compressed.ddp not found, will not use a pak cache.
[2017.06.08-12.47.45:120][  0]LogDerivedDataCache: Unable to find inner node CompressedPak for hierarchical cache Hierarchy.
[2017.06.08-12.47.45:163][  0]LogDerivedDataCache:Display: Pak cache opened for reading ../../../Engine/DerivedDataCache/Compressed.ddp.
[2017.06.08-12.47.45:177][  0]LogDerivedDataCache: Using Local data cache path C:/Users/Midnight/AppData/Local/UnrealEngine/Common/DerivedDataCache: Writable
[2017.06.08-12.47.46:214][  0]LogInit: Selected Device Profile: [Windows]
[2017.06.08-12.47.46:221][  0]LogContentStreaming: Texture pool size is 0.00 MB
[2017.06.08-12.47.46:849][  0]LogMeshUtilities: No automatic mesh reduction module available
[2017.06.08-12.47.46:849][  0]LogMeshUtilities: No automatic mesh merging module available
[2017.06.08-12.47.46:849][  0]LogMeshUtilities: No distributed automatic mesh merging module available
[2017.06.08-12.47.47:844][  0]LogAssetRegistry: FAssetRegistry took 0.0254 seconds to start up
[2017.06.08-12.47.47:951][  0]LogPackageLocalizationCache: Processed 3 localized package path(s) for 2 prioritized culture(s) in 0.080820 seconds
[2017.06.08-12.47.47:967][  0]LogUObjectArray: 28739 objects as part of root set at end of initial load.
[2017.06.08-12.47.47:967][  0]LogUObjectAllocator: 5855624 out of 0 bytes used by permanent object pool.
[2017.06.08-12.47.47:967][  0]LogUObjectArray: CloseDisregardForGC: 0/0 objects in disregard for GC pool
[2017.06.08-12.47.48:005][  0]LogInit: WinSock: version 1.1 (2.2), MaxSocks=32767, MaxUdp=65467
[2017.06.08-12.47.49:001][  0]LogSlate: SlateFontCache - WITH_FREETYPE: 1, WITH_HARFBUZZ: 1
[2017.06.08-12.47.49:002][  0]LogSlate: SlateFontCache - WITH_FREETYPE: 1, WITH_HARFBUZZ: 1
[2017.06.08-12.47.52:206][  0]LogUdpMessaging: Initializing bridge on interface 0.0.0.0:0 to multicast group 230.0.0.1:6666.
[2017.06.08-12.47.52:968][  0]SourceControl: Info Source control is disabled
[2017.06.08-12.47.53:130][  0]SourceControl: Info Source control is disabled
[2017.06.08-12.47.53:181][  0]SourceControl: Info Source control is disabled
[2017.06.08-12.47.53:228][  0]SourceControl: Info Source control is disabled
[2017.06.08-12.47.54:329][  0]LogEngine: Initializing Engine...
[2017.06.08-12.47.54:343][  0]LogHMD: SteamVR failed to initialize.  Err: 110
[2017.06.08-12.47.54:346][  0]LogHMD: SteamVR failed to initialize.  Err: 110
[2017.06.08-12.47.54:836][  0]LogAIModule: Creating AISystem for world NewWorld
[2017.06.08-12.47.54:885][  0]LogInit: XAudio2 using 'Speakers (Realtek High Definition Audio)' : 2 channels at 48 kHz using 32 bits per sample (channel mask 0x3)
[2017.06.08-12.47.54:928][  0]LogInit: FAudioDevice initialized.
[2017.06.08-12.47.55:008][  0]LogDerivedDataCache: Saved boot cache 0.08s 48MB C:/Users/Midnight/AppData/Local/UnrealEngine/4.12/DerivedDataCache/Boot.ddc.
[2017.06.08-12.47.55:029][  0]LogInit: Texture streaming: Enabled
[2017.06.08-12.47.55:151][  0]LogWindowsTextInputMethodSystem:Display: IME system now deactivated.
[2017.06.08-12.47.55:792][  0]LogInit: Transaction tracking system initialized
[2017.06.08-12.47.55:965][  0]BlueprintLog: New page: Editor Load
[2017.06.08-12.47.56:508][  0]LocalizationService: Info Localization service is disabled
[2017.06.08-12.47.56:862][  0]LogConsoleResponse:Display: 
[2017.06.08-12.47.57:346][  0]LogCook:Display: Max memory allowance for cook 8192mb
[2017.06.08-12.47.57:346][  0]LogCook:Display: Mobile HDR setting 1
[2017.06.08-12.47.57:900][  0]LogFileCache: Scanning file cache for directory 'C:/Users/Midnight/Desktop/CyberShotTesting/ProjectCyberShot/Content/' took 0.03s
[2017.06.08-12.47.58:151][  0]SourceControl: Info Source control is disabled
[2017.06.08-12.47.58:157][  0]Cmd: MAP LOAD FILE="../../../../../../Users/Midnight/Desktop/CyberShotTesting/ProjectCyberShot/Content/FirstPersonBP/Maps/FirstPersonExampleMap.umap" TEMPLATE=0 SHOWPROGRESS=1 FEATURELEVEL=3
[2017.06.08-12.47.58:162][  0]LightingResults: New page: Lighting Build
[2017.06.08-12.47.58:193][  0]MapCheck: New page: Map Check
[2017.06.08-12.47.58:193][  0]LightingResults: New page: Lighting Build
[2017.06.08-12.48.00:334][  0]LogAIModule: Creating AISystem for world FirstPersonExampleMap
[2017.06.08-12.48.00:469][  0]LogEditorServer: Finished looking for orphan Actors (0.000 secs)
[2017.06.08-12.48.00:478][  0]Cmd: MAP CHECKDEP NOCLEARLOG
[2017.06.08-12.48.00:807][  0]MapCheck: Info Map check complete: 0 Error(s), 0 Warning(s), took 329.314ms to complete.
[2017.06.08-12.48.00:809][  0]LogFileHelpers: Loading map 'FirstPersonExampleMap' took 2.655
[2017.06.08-12.48.01:273][  0]LogCollectionManager: Loaded 0 collections in 0.009487 seconds
[2017.06.08-12.48.01:374][  0]LogFileCache: Scanning file cache for directory 'C:/Users/Midnight/Desktop/CyberShotTesting/ProjectCyberShot/Saved/Collections/' took 0.01s
[2017.06.08-12.48.01:374][  0]LogFileCache: Scanning file cache for directory 'C:/Users/Midnight/Desktop/CyberShotTesting/ProjectCyberShot/Content/Developers/Midnight/Collections/' took 0.01s
[2017.06.08-12.48.01:374][  0]LogFileCache: Scanning file cache for directory 'C:/Users/Midnight/Desktop/CyberShotTesting/ProjectCyberShot/Content/Collections/' took 0.01s
[2017.06.08-12.48.01:374][  0]LogCollectionManager: Rebuilt the GUID cache for 0 collections in 0.000026 seconds
[2017.06.08-12.48.01:403][  0]LogContentBrowser: Native class hierarchy populated in 0.0257 seconds. Added 2052 classes and 374 folders.
[2017.06.08-12.48.01:429][  0]LogStats: UGameplayTagsManager::ConstructGameplayTagTree: Construct from data asset -  0.000 s
[2017.06.08-12.48.01:430][  0]LogStats: UGameplayTagsManager::ConstructGameplayTagTree: GameplayTagTreeChangedEvent.Broadcast -  0.000 s
[2017.06.08-12.48.01:432][  0]LogContentBrowser: Native class hierarchy updated for 'GameplayTags' in 0.0013 seconds. Added 12 classes and 0 folders.
[2017.06.08-12.48.01:464][  0]LogContentBrowser: Native class hierarchy updated for 'WidgetCarousel' in 0.0009 seconds. Added 0 classes and 0 folders.
[2017.06.08-12.48.01:826][  0]LogContentBrowser: Native class hierarchy updated for 'AddContentDialog' in 0.0009 seconds. Added 0 classes and 0 folders.
[2017.06.08-12.48.01:855][  0]LogContentBrowser: Native class hierarchy updated for 'SceneOutliner' in 0.0017 seconds. Added 1 classes and 2 folders.
[2017.06.08-12.48.02:114][  0]LogCrashTracker: Crashtracker disabled due to settings.
[2017.06.08-12.48.02:148][  0]LogUObjectGlobals:Warning: Failed to find object 'Class None.'
[2017.06.08-12.48.02:200][  0]LogContentBrowser: Native class hierarchy updated for 'HierarchicalLODOutliner' in 0.0009 seconds. Added 1 classes and 2 folders.
[2017.06.08-12.48.02:200][  0]LogLoad: Full Startup: 28.15 seconds (BP compile: 0.55 seconds)
[2017.06.08-12.48.02:200][  0]LogExternalProfiler: Found external profiler: VSPerf
[2017.06.08-12.48.02:200][  0]LogExternalProfiler: Using external profiler: VSPerf
[2017.06.08-12.48.02:222][  0]LogOcInput: OculusInput pre-init called
[2017.06.08-12.48.02:266][  0]LogContentStreaming: Texture pool size now 1000 MB
[2017.06.08-12.48.02:657][  2]LogRenderer: Reallocating scene render targets to support 768x400 (Frame:2).
[2017.06.08-12.48.03:099][  4]LogAssetRegistry: Asset discovery search completed in 15.2785 seconds
[2017.06.08-12.48.03:099][  4]LogCollectionManager: Rebuilt the object cache for 0 collections in 0.000002 seconds (found 0 objects)
[2017.06.08-12.48.03:100][  4]LogCollectionManager: Fixed up redirectors for 0 collections in 0.000391 seconds (updated 0 objects)
[2017.06.08-12.48.27:435][ 55]LogSavePackage: Save=13.68ms
[2017.06.08-12.48.27:435][ 55]LogSavePackage: Moving '../../../../../../Users/Midnight/Desktop/CyberShotTesting/ProjectCyberShot/Saved/Base_AIBlackboard7EDE29AA49BF1047912A6694ABD8461D.tmp' to '../../../../../../Users/Midnight/Desktop/CyberShotTesting/ProjectCyberShot/Content/CyberShot/Entities/LivingEntities/AIEntities/Ais/Base_AIBlackboard.uasset'
[2017.06.08-12.48.27:448][ 55]LogSavePackage:Display: Finished SavePackage ../../../../../../Users/Midnight/Desktop/CyberShotTesting/ProjectCyberShot/Content/CyberShot/Entities/LivingEntities/AIEntities/Ais/Base_AIBlackboard.uasset
[2017.06.08-12.48.45:950][878]LogSavePackage: Save=4.99ms
[2017.06.08-12.48.45:950][878]LogSavePackage: Moving '../../../../../../Users/Midnight/Desktop/CyberShotTesting/ProjectCyberShot/Saved/Base_AIBehaviorTreeC7F28380442D7955E993F98C1F9B3E00.tmp' to '../../../../../../Users/Midnight/Desktop/CyberShotTesting/ProjectCyberShot/Content/CyberShot/Entities/LivingEntities/AIEntities/Ais/Base_AIBehaviorTree.uasset'
[2017.06.08-12.48.45:964][878]LogSavePackage:Display: Finished SavePackage ../../../../../../Users/Midnight/Desktop/CyberShotTesting/ProjectCyberShot/Content/CyberShot/Entities/LivingEntities/AIEntities/Ais/Base_AIBehaviorTree.uasset
[2017.06.08-12.48.52:336][144]LogSavePackage: Save=3.77ms
[2017.06.08-12.48.52:336][144]LogSavePackage: Moving '../../../../../../Users/Midnight/Desktop/CyberShotTesting/ProjectCyberShot/Saved/Base_AIBTADA9B0984FD4757D853D268FA6B3FF68.tmp' to '../../../../../../Users/Midnight/Desktop/CyberShotTesting/ProjectCyberShot/Content/CyberShot/Entities/LivingEntities/AIEntities/Ais/Base_AIBT.uasset'
[2017.06.08-12.48.52:351][144]LogSavePackage:Display: Finished SavePackage ../../../../../../Users/Midnight/Desktop/CyberShotTesting/ProjectCyberShot/Content/CyberShot/Entities/LivingEntities/AIEntities/Ais/Base_AIBT.uasset
[2017.06.08-12.49.11:269][940]LogSavePackage: Save=3.63ms
[2017.06.08-12.49.11:269][940]LogSavePackage: Moving '../../../../../../Users/Midnight/Desktop/CyberShotTesting/ProjectCyberShot/Saved/Base_AIBT923C4E614BFA4015BC8D71AB8D6C1096.tmp' to '../../../../../../Users/Midnight/Desktop/CyberShotTesting/ProjectCyberShot/Content/CyberShot/Entities/LivingEntities/AIEntities/Ais/Base_AIBT.uasset'
[2017.06.08-12.49.11:280][940]LogSavePackage:Display: Finished SavePackage ../../../../../../Users/Midnight/Desktop/CyberShotTesting/ProjectCyberShot/Content/CyberShot/Entities/LivingEntities/AIEntities/Ais/Base_AIBT.uasset
[2017.06.08-12.49.19:521][325]LogSavePackage: Save=3.72ms
[2017.06.08-12.49.19:521][325]LogSavePackage: Moving '../../../../../../Users/Midnight/Desktop/CyberShotTesting/ProjectCyberShot/Saved/Base_AIBTA4A9839441B956EE5DC8A584085022A4.tmp' to '../../../../../../Users/Midnight/Desktop/CyberShotTesting/ProjectCyberShot/Content/CyberShot/Entities/LivingEntities/AIEntities/Ais/Base_AIBT.uasset'
[2017.06.08-12.49.19:533][325]LogSavePackage:Display: Finished SavePackage ../../../../../../Users/Midnight/Desktop/CyberShotTesting/ProjectCyberShot/Content/CyberShot/Entities/LivingEntities/AIEntities/Ais/Base_AIBT.uasset
[2017.06.08-12.49.29:830][806]LogSavePackage: Save=4.48ms
[2017.06.08-12.49.29:830][806]LogSavePackage: Moving '../../../../../../Users/Midnight/Desktop/CyberShotTesting/ProjectCyberShot/Saved/Base_AIBehaviorB4A5760C4EB10BD63AA4CDB1893EAD34.tmp' to '../../../../../../Users/Midnight/Desktop/CyberShotTesting/ProjectCyberShot/Content/CyberShot/Entities/LivingEntities/AIEntities/Ais/Base_AIBehavior.uasset'
[2017.06.08-12.49.29:840][806]LogSavePackage:Display: Finished SavePackage ../../../../../../Users/Midnight/Desktop/CyberShotTesting/ProjectCyberShot/Content/CyberShot/Entities/LivingEntities/AIEntities/Ais/Base_AIBehavior.uasset
[2017.06.08-12.50.44:626][977]LogEditorViewport: Clicking on Actor (LMB): PostProcessVolume (PostProcessVolume)
[2017.06.08-12.50.49:256][169]LogEditorViewport: Clicking on Actor (LMB): NavMeshBoundsVolume (NavMeshBoundsVolume)
[2017.06.08-12.50.53:869][355]LogEditorViewport: Clicking on Actor (LMB): PostProcessVolume (PostProcessVolume)
[2017.06.08-12.50.57:510][503]LogEditorViewport: Clicking on Actor (LMB): NavMeshBoundsVolume (NavMeshBoundsVolume)
[2017.06.08-12.51.10:767][ 69]LogEditorViewport: Clicking on Actor (LMB): PostProcessVolume (PostProcessVolume)
[2017.06.08-12.51.13:981][200]LogEditorViewport: Clicking on Actor (LMB): NavMeshBoundsVolume (NavMeshBoundsVolume)
[2017.06.08-12.51.19:572][424]LogEditorViewport: Clicking on Actor (LMB): PostProcessVolume (PostProcessVolume)
[2017.06.08-12.51.28:042][792]LogEditorViewport: Clicking on Actor (LMB): NavMeshBoundsVolume (NavMeshBoundsVolume)
[2017.06.08-12.51.42:001][328]LogEditorViewport: Clicking on Actor (LMB): PostProcessVolume (PostProcessVolume)
[2017.06.08-12.52.11:181][324]LogSavePackage: Save=4673.90ms
[2017.06.08-12.52.11:181][324]LogSavePackage: Moving '../../../../../../Users/Midnight/Desktop/CyberShotTesting/ProjectCyberShot/Saved/FirstPersonExampleMap21B619FD4869ED83DAFE80A47D1FECCC.tmp' to '../../../../../../Users/Midnight/Desktop/CyberShotTesting/ProjectCyberShot/Content/FirstPersonBP/Maps/FirstPersonExampleMap.umap'
[2017.06.08-12.52.11:195][324]LogSavePackage:Display: Finished SavePackage ../../../../../../Users/Midnight/Desktop/CyberShotTesting/ProjectCyberShot/Content/FirstPersonBP/Maps/FirstPersonExampleMap.umap
[2017.06.08-12.52.11:288][324]LogFileHelpers: Saving map 'FirstPersonExampleMap' took 5.185
[2017.06.08-12.54.00:687][953]LogContentBrowser: Native class hierarchy updated for 'BlueprintGraph' in 0.0020 seconds. Added 111 classes and 0 folders.
[2017.06.08-12.54.51:273][886]LogSlate:Warning: Prevented a slow task dialog from being summoned while a context menu was open
[2017.06.08-12.55.07:331][560]LogSavePackage: Save=27.25ms
[2017.06.08-12.55.07:331][560]LogSavePackage: Moving '../../../../../../Users/Midnight/Desktop/CyberShotTesting/ProjectCyberShot/Saved/LivingEntity_E5EBEDBB447A83AC4C38C5E9BB652984D.tmp' to '../../../../../../Users/Midnight/Desktop/CyberShotTesting/ProjectCyberShot/Content/CyberShot/Entities/LivingEntities/LivingEntity_E.uasset'
[2017.06.08-12.55.07:340][560]LogSavePackage:Display: Finished SavePackage ../../../../../../Users/Midnight/Desktop/CyberShotTesting/ProjectCyberShot/Content/CyberShot/Entities/LivingEntities/LivingEntity_E.uasset
[2017.06.08-12.55.08:708][609]BlueprintLog: New page: Compile LivingEntity_E
[2017.06.08-12.55.09:066][609]BlueprintEditorCompileResults: Info [0455.02] Compile of LivingEntity_E successful! [in 357 ms] (/Game/CyberShot/Entities/LivingEntities/LivingEntity_E.LivingEntity_E)
[2017.06.08-12.55.51:363][440]LogSlate:Warning: Prevented a slow task dialog from being summoned while a context menu was open
[2017.06.08-12.57.03:748][248]LogSavePackage: Save=5.43ms
[2017.06.08-12.57.03:748][248]LogSavePackage: Moving '../../../../../../Users/Midnight/Desktop/CyberShotTesting/ProjectCyberShot/Saved/Base_AIBlackboardACDC42D6426A01474D2223A40F372E8D.tmp' to '../../../../../../Users/Midnight/Desktop/CyberShotTesting/ProjectCyberShot/Content/CyberShot/Entities/LivingEntities/AIEntities/Ais/Base_AIBlackboard.uasset'
[2017.06.08-12.57.03:761][248]LogSavePackage:Display: Finished SavePackage ../../../../../../Users/Midnight/Desktop/CyberShotTesting/ProjectCyberShot/Content/CyberShot/Entities/LivingEntities/AIEntities/Ais/Base_AIBlackboard.uasset
[2017.06.08-12.59.39:671][474]LogSavePackage: Save=6.56ms
[2017.06.08-12.59.39:671][474]LogSavePackage: Moving '../../../../../../Users/Midnight/Desktop/CyberShotTesting/ProjectCyberShot/Saved/Base_AIBehavior630FF9E14AD76DE50BE777A1D1777E55.tmp' to '../../../../../../Users/Midnight/Desktop/CyberShotTesting/ProjectCyberShot/Content/CyberShot/Entities/LivingEntities/AIEntities/Ais/Base_AIBehavior.uasset'
[2017.06.08-12.59.39:683][474]LogSavePackage:Display: Finished SavePackage ../../../../../../Users/Midnight/Desktop/CyberShotTesting/ProjectCyberShot/Content/CyberShot/Entities/LivingEntities/AIEntities/Ais/Base_AIBehavior.uasset
[2017.06.08-13.00.08:423][481]BlueprintLog: New page: Compile Base_AIController
[2017.06.08-13.00.08:836][481]LogSavePackage: Save=51.56ms
[2017.06.08-13.00.08:836][481]LogSavePackage: Moving '../../../../../../Users/Midnight/Desktop/CyberShotTesting/ProjectCyberShot/Saved/Base_AIController99B51589448D9AD41C334EB895CEE0DB.tmp' to '../../../../../../Users/Midnight/Desktop/CyberShotTesting/ProjectCyberShot/Content/CyberShot/Entities/LivingEntities/AIEntities/Ais/Base_AIController.uasset'
[2017.06.08-13.00.08:850][481]LogSavePackage:Display: Finished SavePackage ../../../../../../Users/Midnight/Desktop/CyberShotTesting/ProjectCyberShot/Content/CyberShot/Entities/LivingEntities/AIEntities/Ais/Base_AIController.uasset
[2017.06.08-13.00.08:858][481]BlueprintEditorCompileResults: Info [0754.81] Compile of Base_AIController successful! [in 434 ms] (/Game/CyberShot/Entities/LivingEntities/AIEntities/Ais/Base_AIController.Base_AIController)
[2017.06.08-13.03.58:339][607]LogSavePackage: Save=12.08ms
[2017.06.08-13.03.58:339][607]LogSavePackage: Moving '../../../../../../Users/Midnight/Desktop/CyberShotTesting/ProjectCyberShot/Saved/Base_AIBehavior9A91D44D4B8DE423FBFE4386A4E54421.tmp' to '../../../../../../Users/Midnight/Desktop/CyberShotTesting/ProjectCyberShot/Content/CyberShot/Entities/LivingEntities/AIEntities/Ais/Base_AIBehavior.uasset'
[2017.06.08-13.03.58:356][607]LogSavePackage:Display: Finished SavePackage ../../../../../../Users/Midnight/Desktop/CyberShotTesting/ProjectCyberShot/Content/CyberShot/Entities/LivingEntities/AIEntities/Ais/Base_AIBehavior.uasset
[2017.06.08-13.04.49:095][ 26]LogPackageName: SearchForPackageOnDisk took   0.000s, but failed to resolve /Game/CyberShot/Entities/LivingEntities/AIEntities/Ais/BTService_BlueprintBase_New.
[2017.06.08-13.05.20:975][986]LogSavePackage: Save=19.16ms
[2017.06.08-13.05.20:975][986]LogSavePackage: Moving '../../../../../../Users/Midnight/Desktop/CyberShotTesting/ProjectCyberShot/Saved/AgroCheck_Service40E57BE84ADEF9528465C989A4F8B11D.tmp' to '../../../../../../Users/Midnight/Desktop/CyberShotTesting/ProjectCyberShot/Content/CyberShot/Entities/LivingEntities/AIEntities/Ais/AgroCheck_Service.uasset'
[2017.06.08-13.05.20:988][986]LogSavePackage:Display: Finished SavePackage ../../../../../../Users/Midnight/Desktop/CyberShotTesting/ProjectCyberShot/Content/CyberShot/Entities/LivingEntities/AIEntities/Ais/AgroCheck_Service.uasset
[2017.06.08-13.05.20:991][986]LogMetaData: Removing '/Game/CyberShot/Entities/LivingEntities/AIEntities/Ais/AgroCheck_Service.SKEL_AgroCheck_Service_C' ref from Metadata '/Game/CyberShot/Entities/LivingEntities/AIEntities/Ais/BTService_BlueprintBase_New.PackageMetaData'
[2017.06.08-13.05.20:991][986]LogMetaData: Removing '/Game/CyberShot/Entities/LivingEntities/AIEntities/Ais/AgroCheck_Service.AgroCheck_Service_C' ref from Metadata '/Game/CyberShot/Entities/LivingEntities/AIEntities/Ais/BTService_BlueprintBase_New.PackageMetaData'
[2017.06.08-13.05.21:065][986]LogSavePackage: Save=6.65ms
[2017.06.08-13.05.21:065][986]LogSavePackage: Moving '../../../../../../Users/Midnight/Desktop/CyberShotTesting/ProjectCyberShot/Saved/AgroCheck_Service831DCA7E4E274B0A6A1579A520EE92F2.tmp' to '../../../../../../Users/Midnight/Desktop/CyberShotTesting/ProjectCyberShot/Content/CyberShot/Entities/LivingEntities/AIEntities/Ais/AgroCheck_Service.uasset'
[2017.06.08-13.05.21:079][986]LogSavePackage:Display: Finished SavePackage ../../../../../../Users/Midnight/Desktop/CyberShotTesting/ProjectCyberShot/Content/CyberShot/Entities/LivingEntities/AIEntities/Ais/AgroCheck_Service.uasset
[2017.06.08-13.05.21:446][987]LogPackageName: SearchForPackageOnDisk took   0.000s to resolve /Game/CyberShot/Entities/LivingEntities/AIEntities/Ais/AgroCheck_Service.
[2017.06.08-13.05.28:296][244]LogSavePackage: Save=7.16ms
[2017.06.08-13.05.28:297][244]LogSavePackage: Moving '../../../../../../Users/Midnight/Desktop/CyberShotTesting/ProjectCyberShot/Saved/AgroCheck_SC65F8ED74353F62E9FFE98A8B2CA777D.tmp' to '../../../../../../Users/Midnight/Desktop/CyberShotTesting/ProjectCyberShot/Content/CyberShot/Entities/LivingEntities/AIEntities/Ais/AgroCheck_S.uasset'
[2017.06.08-13.05.28:309][244]LogSavePackage:Display: Finished SavePackage ../../../../../../Users/Midnight/Desktop/CyberShotTesting/ProjectCyberShot/Content/CyberShot/Entities/LivingEntities/AIEntities/Ais/AgroCheck_S.uasset
[2017.06.08-13.05.28:312][244]LogMetaData: Removing '/Game/CyberShot/Entities/LivingEntities/AIEntities/Ais/AgroCheck_S.AgroCheck_S_C' ref from Metadata '/Game/CyberShot/Entities/LivingEntities/AIEntities/Ais/AgroCheck_Service.PackageMetaData'
[2017.06.08-13.05.28:312][244]LogMetaData: Removing '/Game/CyberShot/Entities/LivingEntities/AIEntities/Ais/AgroCheck_S.SKEL_AgroCheck_S_C' ref from Metadata '/Game/CyberShot/Entities/LivingEntities/AIEntities/Ais/AgroCheck_Service.PackageMetaData'
[2017.06.08-13.05.28:382][244]LogSavePackage: Save=7.15ms
[2017.06.08-13.05.28:382][244]LogSavePackage: Moving '../../../../../../Users/Midnight/Desktop/CyberShotTesting/ProjectCyberShot/Saved/AgroCheck_S0702C1074FB6AE2244C0F5A95AADDB18.tmp' to '../../../../../../Users/Midnight/Desktop/CyberShotTesting/ProjectCyberShot/Content/CyberShot/Entities/LivingEntities/AIEntities/Ais/AgroCheck_S.uasset'
[2017.06.08-13.05.28:395][244]LogSavePackage:Display: Finished SavePackage ../../../../../../Users/Midnight/Desktop/CyberShotTesting/ProjectCyberShot/Content/CyberShot/Entities/LivingEntities/AIEntities/Ais/AgroCheck_S.uasset
[2017.06.08-13.05.28:920][246]LogPackageName: SearchForPackageOnDisk took   0.000s to resolve /Game/CyberShot/Entities/LivingEntities/AIEntities/Ais/AgroCheck_S.
[2017.06.08-13.05.55:586][477]LogFileHelpers: Editor autosave (incl. sublevels) for '/Game/FirstPersonBP/Maps/FirstPersonExampleMap' took 0.056
[2017.06.08-13.05.55:607][477]LogSavePackage: Save=3.70ms
[2017.06.08-13.05.55:607][477]LogSavePackage: Moving '../../../../../../Users/Midnight/Desktop/CyberShotTesting/ProjectCyberShot/Saved/BTService_BlueprintBase_New_Auto1ABD8EBE14534AB18041B3299ABF63C35.tmp' to '../../../../../../Users/Midnight/Desktop/CyberShotTesting/ProjectCyberShot/Saved/Autosaves/Game/CyberShot/Entities/LivingEntities/AIEntities/Ais/BTService_BlueprintBase_New_Auto1.uasset'
[2017.06.08-13.05.55:618][477]LogSavePackage:Display: Finished SavePackage ../../../../../../Users/Midnight/Desktop/CyberShotTesting/ProjectCyberShot/Saved/Autosaves/Game/CyberShot/Entities/LivingEntities/AIEntities/Ais/BTService_BlueprintBase_New_Auto1.uasset
[2017.06.08-13.05.55:619][477]LogFileHelpers: Auto-saving content packages took 0.028
[2017.06.08-14.02.37:156][400]LogSavePackage: Save=3562.73ms
[2017.06.08-14.02.37:157][400]LogSavePackage: Moving '../../../../../../Users/Midnight/Desktop/CyberShotTesting/ProjectCyberShot/Saved/FirstPersonExampleMapBFABEFF1406B437086393C82CA4DAA44.tmp' to '../../../../../../Users/Midnight/Desktop/CyberShotTesting/ProjectCyberShot/Content/FirstPersonBP/Maps/FirstPersonExampleMap.umap'
[2017.06.08-14.02.37:166][400]LogSavePackage:Display: Finished SavePackage ../../../../../../Users/Midnight/Desktop/CyberShotTesting/ProjectCyberShot/Content/FirstPersonBP/Maps/FirstPersonExampleMap.umap
[2017.06.08-14.02.39:978][441]LogSavePackage: Save=3.30ms
[2017.06.08-14.02.39:978][441]LogSavePackage: Moving '../../../../../../Users/Midnight/Desktop/CyberShotTesting/ProjectCyberShot/Saved/BTService_BlueprintBase_NewCD67B0FA49A9982354D7FAAE683CB1F2.tmp' to '../../../../../../Users/Midnight/Desktop/CyberShotTesting/ProjectCyberShot/Content/CyberShot/Entities/LivingEntities/AIEntities/Ais/BTService_BlueprintBase_New.uasset'
[2017.06.08-14.02.39:986][441]LogSavePackage:Display: Finished SavePackage ../../../../../../Users/Midnight/Desktop/CyberShotTesting/ProjectCyberShot/Content/CyberShot/Entities/LivingEntities/AIEntities/Ais/BTService_BlueprintBase_New.uasset
[2017.06.08-14.02.40:268][441]LogWindowsTextInputMethodSystem:Display: IME system now deactivated.
[2017.06.08-14.02.40:755][442]Cmd: QUIT_EDITOR
[2017.06.08-14.02.40:957][442]LogExit: Preparing to exit.
[2017.06.08-14.02.42:014][442]LogExit: Editor shut down
[2017.06.08-14.02.42:016][442]LogExit: Transaction tracking system shut down
[2017.06.08-14.02.42:746][442]LogObj: Freed 0b from 0 cluster array pools.
[2017.06.08-14.02.42:747][442]LogExit: Object subsystem successfully closed.
[2017.06.08-14.02.42:870][442]LogD3D11RHI: Shutdown
[2017.06.08-14.02.42:870][442]LogD3D11RHI: CleanupD3DDevice
[2017.06.08-14.02.43:093][442]LogD3D11RHI: ~FD3D11DynamicRHI
[2017.06.08-14.02.43:182][442]LogModuleManager: Shutting down and abandoning module BlueprintGraph (216)
[2017.06.08-14.02.43:183][442]LogModuleManager: Shutting down and abandoning module HierarchicalLODOutliner (215)
[2017.06.08-14.02.43:183][442]LogModuleManager: Shutting down and abandoning module CrashTracker (214)
[2017.06.08-14.02.43:183][442]LogModuleManager: Shutting down and abandoning module SceneOutliner (213)
[2017.06.08-14.02.43:183][442]LogModuleManager: Shutting down and abandoning module WidgetCarousel (212)
[2017.06.08-14.02.43:184][442]LogModuleManager: Shutting down and abandoning module AddContentDialog (211)
[2017.06.08-14.02.43:196][442]LogModuleManager: Shutting down and abandoning module GameplayTags (210)
[2017.06.08-14.02.43:196][442]LogModuleManager: Shutting down and abandoning module EditorWidgets (209)
[2017.06.08-14.02.43:196][442]LogModuleManager: Shutting down and abandoning module CollectionManager (208)
[2017.06.08-14.02.43:197][442]LogModuleManager: Shutting down and abandoning module StatsViewer (207)
[2017.06.08-14.02.43:198][442]LogModuleManager: Shutting down and abandoning module FoliageEdit (206)
[2017.06.08-14.02.43:198][442]LogModuleManager: Shutting down and abandoning module LandscapeEditor (205)
[2017.06.08-14.02.43:199][442]LogModuleManager: Shutting down and abandoning module SceneDepthPickerMode (204)
[2017.06.08-14.02.43:200][442]LogModuleManager: Shutting down and abandoning module ActorPickerMode (203)
[2017.06.08-14.02.43:200][442]LogModuleManager: Shutting down and abandoning module GeometryMode (202)
[2017.06.08-14.02.43:200][442]LogModuleManager: Shutting down and abandoning module TextureAlignMode (201)
[2017.06.08-14.02.43:200][442]LogModuleManager: Shutting down and abandoning module BspMode (200)
[2017.06.08-14.02.43:200][442]LogModuleManager: Shutting down and abandoning module HardwareSurvey (199)
[2017.06.08-14.02.43:200][442]LogModuleManager: Shutting down and abandoning module SequenceRecorderSections (198)
[2017.06.08-14.02.43:201][442]LogModuleManager: Shutting down and abandoning module SequenceRecorder (197)
[2017.06.08-14.02.43:201][442]LogModuleManager: Shutting down and abandoning module AutomationWorker (196)
[2017.06.08-14.02.43:201][442]LogModuleManager: Shutting down and abandoning module MatineeToLevelSequence (195)
[2017.06.08-14.02.43:202][442]LogModuleManager: Shutting down and abandoning module PlacementMode (194)
[2017.06.08-14.02.43:203][442]LogModuleManager: Shutting down and abandoning module LevelSequenceEditor (193)
[2017.06.08-14.02.43:206][442]LogModuleManager: Shutting down and abandoning module CharacterAI (192)
[2017.06.08-14.02.43:206][442]LogModuleManager: Shutting down and abandoning module SmartSnapping (191)
[2017.06.08-14.02.43:206][442]LogModuleManager: Shutting down and abandoning module SessionServices (190)
[2017.06.08-14.02.43:206][442]LogModuleManager: Shutting down and abandoning module ViewportSnapping (189)
[2017.06.08-14.02.43:206][442]LogModuleManager: Shutting down and abandoning module LogVisualizer (188)
[2017.06.08-14.02.43:207][442]LogModuleManager: Shutting down and abandoning module GameProjectGeneration (187)
[2017.06.08-14.02.43:209][442]LogModuleManager: Shutting down and abandoning module IntroTutorials (186)
[2017.06.08-14.02.43:209][442]LogModuleManager: Shutting down and abandoning module EditorLiveStreaming (185)
[2017.06.08-14.02.43:209][442]LogModuleManager: Shutting down and abandoning module IOSPlatformEditor (184)
[2017.06.08-14.02.43:210][442]LogModuleManager: Shutting down and abandoning module HTML5PlatformEditor (183)
[2017.06.08-14.02.43:210][442]LogModuleManager: Shutting down and abandoning module AndroidDeviceDetection (182)
[2017.06.08-14.02.43:652][442]LogModuleManager: Shutting down and abandoning module AndroidPlatformEditor (181)
[2017.06.08-14.02.43:652][442]LogModuleManager: Shutting down and abandoning module IOSRuntimeSettings (180)
[2017.06.08-14.02.43:652][442]LogModuleManager: Shutting down and abandoning module AndroidRuntimeSettings (179)
[2017.06.08-14.02.43:652][442]LogModuleManager: Shutting down and abandoning module MergeActors (178)
[2017.06.08-14.02.43:653][442]LogModuleManager: Shutting down and abandoning module SizeMap (177)
[2017.06.08-14.02.43:653][442]LogModuleManager: Shutting down and abandoning module TreeMap (176)
[2017.06.08-14.02.43:654][442]LogModuleManager: Shutting down and abandoning module ReferenceViewer (175)
[2017.06.08-14.02.43:654][442]LogModuleManager: Shutting down and abandoning module LocalizationService (174)
[2017.06.08-14.02.43:655][442]LogModuleManager: Shutting down and abandoning module LocalizationDashboard (173)
[2017.06.08-14.02.43:656][442]LogModuleManager: Shutting down and abandoning module HardwareTargeting (172)
[2017.06.08-14.02.43:657][442]LogModuleManager: Shutting down and abandoning module DeviceProfileEditor (171)
[2017.06.08-14.02.43:657][442]LogModuleManager: Shutting down and abandoning module UndoHistory (170)
[2017.06.08-14.02.43:658][442]LogModuleManager: Shutting down and abandoning module UserFeedback (169)
[2017.06.08-14.02.43:658][442]LogModuleManager: Shutting down and abandoning module XmlParser (168)
[2017.06.08-14.02.43:658][442]LogModuleManager: Shutting down and abandoning module Blutility (167)
[2017.06.08-14.02.43:658][442]LogModuleManager: Shutting down and abandoning module ProjectTargetPlatformEditor (166)
[2017.06.08-14.02.43:659][442]LogModuleManager: Shutting down and abandoning module ProjectSettingsViewer (165)
[2017.06.08-14.02.43:659][442]LogModuleManager: Shutting down and abandoning module InputBindingEditor (164)
[2017.06.08-14.02.43:661][442]LogModuleManager: Shutting down and abandoning module EditorSettingsViewer (163)
[2017.06.08-14.02.43:661][442]LogModuleManager: Shutting down and abandoning module SettingsEditor (162)
[2017.06.08-14.02.43:661][442]LogModuleManager: Shutting down and abandoning module ProjectLauncher (161)
[2017.06.08-14.02.43:662][442]LogModuleManager: Shutting down and abandoning module SessionFrontend (160)
[2017.06.08-14.02.43:664][442]LogModuleManager: Shutting down and abandoning module ProfilerClient (159)
[2017.06.08-14.02.43:664][442]LogModuleManager: Shutting down and abandoning module TargetDeviceServices (158)
[2017.06.08-14.02.43:665][442]LogModuleManager: Shutting down and abandoning module DeviceManager (157)
[2017.06.08-14.02.43:708][442]LogModuleManager: Shutting down and abandoning module AutomationController (156)
[2017.06.08-14.02.43:709][442]LogModuleManager: Shutting down and abandoning module AutomationWindow (155)
[2017.06.08-14.02.43:711][442]LogModuleManager: Shutting down and abandoning module Layers (154)
[2017.06.08-14.02.43:713][442]LogModuleManager: Shutting down and abandoning module ComponentVisualizers (153)
[2017.06.08-14.02.43:713][442]LogModuleManager: Shutting down and abandoning module DetailCustomizations (152)
[2017.06.08-14.02.43:714][442]LogModuleManager: Shutting down and abandoning module PackagesDialog (151)
[2017.06.08-14.02.43:714][442]LogModuleManager: Shutting down and abandoning module Persona (150)
[2017.06.08-14.02.43:716][442]LogModuleManager: Shutting down and abandoning module Kismet (149)
[2017.06.08-14.02.43:717][442]LogModuleManager: Shutting down and abandoning module GraphEditor (148)
[2017.06.08-14.02.43:717][442]LogModuleManager: Shutting down and abandoning module ClassViewer (147)
[2017.06.08-14.02.43:720][442]LogModuleManager: Shutting down and abandoning module Toolbox (146)
[2017.06.08-14.02.43:720][442]LogModuleManager: Shutting down and abandoning module ModuleUI (145)
[2017.06.08-14.02.43:720][442]LogModuleManager: Shutting down and abandoning module MovieSceneTools (144)
[2017.06.08-14.02.43:722][442]LogModuleManager: Shutting down and abandoning module OutputLog (143)
[2017.06.08-14.02.43:722][442]LogModuleManager: Shutting down and abandoning module GammaUI (142)
[2017.06.08-14.02.43:722][442]LogModuleManager: Shutting down and abandoning module Documentation (141)
[2017.06.08-14.02.43:724][442]LogModuleManager: Shutting down and abandoning module StreamingPauseRendering (140)
[2017.06.08-14.02.43:724][442]LogModuleManager: Shutting down and abandoning module AnalyticsET (139)
[2017.06.08-14.02.43:724][442]LogModuleManager: Shutting down and abandoning module Analytics (138)
[2017.06.08-14.02.43:724][442]LogModuleManager: Shutting down and abandoning module PortalServices (137)
[2017.06.08-14.02.43:724][442]LogModuleManager: Shutting down and abandoning module PortalRpc (136)
[2017.06.08-14.02.43:724][442]LogModuleManager: Shutting down and abandoning module MessagingRpc (135)
[2017.06.08-14.02.43:724][442]LogModuleManager: Shutting down and abandoning module GameplayDebugger (134)
[2017.06.08-14.02.43:724][442]LogModuleManager: Shutting down and abandoning module AITestSuite (133)
[2017.06.08-14.02.43:725][442]LogModuleManager: Shutting down and abandoning module AIModule (132)
[2017.06.08-14.02.43:725][442]LogModuleManager: Shutting down and abandoning module ProfilerService (131)
[2017.06.08-14.02.43:764][442]LogModuleManager: Shutting down and abandoning module TaskGraph (130)
[2017.06.08-14.02.43:766][442]LogModuleManager: Shutting down and abandoning module SlateRemote (129)
[2017.06.08-14.02.43:766][442]LogModuleManager: Shutting down and abandoning module SteamVRController (128)
[2017.06.08-14.02.43:766][442]LogModuleManager: Shutting down and abandoning module SteamVR (127)
[2017.06.08-14.02.43:766][442]LogModuleManager: Shutting down and abandoning module ProceduralMeshComponent (126)
[2017.06.08-14.02.43:766][442]LogModuleManager: Shutting down and abandoning module OculusLibrary (125)
[2017.06.08-14.02.43:766][442]LogModuleManager: Shutting down and abandoning module OculusInput (124)
[2017.06.08-14.02.43:766][442]LogModuleManager: Shutting down and abandoning module CustomMeshComponent (123)
[2017.06.08-14.02.43:766][442]LogModuleManager: Shutting down and abandoning module CableComponent (122)
[2017.06.08-14.02.43:766][442]LogModuleManager: Shutting down and abandoning module ArchVisCharacter (121)
[2017.06.08-14.02.43:766][442]LogModuleManager: Shutting down and abandoning module MediaPlayerEditor (120)
[2017.06.08-14.02.43:768][442]LogModuleManager: Shutting down and abandoning module VaRestEditorPlugin (119)
[2017.06.08-14.02.43:768][442]LogModuleManager: Shutting down and abandoning module HTML5Networking (118)
[2017.06.08-14.02.43:768][442]LogModuleManager: Shutting down and abandoning module SuperSearch (117)
[2017.06.08-14.02.43:768][442]LogModuleManager: Shutting down and abandoning module SuperSearchEditor (116)
[2017.06.08-14.02.43:768][442]LogModuleManager: Shutting down and abandoning module SpeedTreeImporter (115)
[2017.06.08-14.02.43:768][442]LogModuleManager: Shutting down and abandoning module PluginBrowser (114)
[2017.06.08-14.02.43:769][442]LogModuleManager: Shutting down and abandoning module EpicSurvey (113)
[2017.06.08-14.02.43:770][442]LogModuleManager: Shutting down and abandoning module DesktopPlatform (112)
[2017.06.08-14.02.43:770][442]LogModuleManager: Shutting down and abandoning module VisualStudioSourceCodeAccess (111)
[2017.06.08-14.02.43:770][442]LogModuleManager: Shutting down and abandoning module UObjectPlugin (110)
[2017.06.08-14.02.43:770][442]LogModuleManager: Shutting down and abandoning module SubversionSourceControl (109)
[2017.06.08-14.02.43:771][442]LogModuleManager: Shutting down and abandoning module PerforceSourceControl (108)
[2017.06.08-14.02.43:772][442]LogModuleManager: Shutting down and abandoning module SourceControl (107)
[2017.06.08-14.02.43:773][442]LogModuleManager: Shutting down and abandoning module GitSourceControl (106)
[2017.06.08-14.02.43:774][442]LogModuleManager: Shutting down and abandoning module LightPropagationVolumeEditor (105)
[2017.06.08-14.02.43:774][442]LogModuleManager: Shutting down and abandoning module PaperTiledImporter (104)
[2017.06.08-14.02.43:774][442]LogModuleManager: Shutting down and abandoning module PaperSpriteSheetImporter (103)
[2017.06.08-14.02.43:774][442]LogModuleManager: Shutting down and abandoning module MeshPaint (102)
[2017.06.08-14.02.43:774][442]LogModuleManager: Shutting down and abandoning module PixelInspectorModule (101)
[2017.06.08-14.02.43:775][442]LogModuleManager: Shutting down and abandoning module HotReload (100)
[2017.06.08-14.02.43:777][442]LogModuleManager: Shutting down and abandoning module MainFrame (99)
[2017.06.08-14.02.43:777][442]LogModuleManager: Shutting down and abandoning module LevelEditor (98)
[2017.06.08-14.02.43:780][442]LogModuleManager: Shutting down and abandoning module ContentBrowser (97)
[2017.06.08-14.02.43:783][442]LogModuleManager: Shutting down and abandoning module Paper2DEditor (96)
[2017.06.08-14.02.43:784][442]LogModuleManager: Shutting down and abandoning module UdpMessaging (95)
[2017.06.08-14.02.43:885][442]LogModuleManager: Shutting down and abandoning module VaRestPlugin (94)
[2017.06.08-14.02.43:885][442]LogModuleManager: Shutting down and abandoning module LightPropagationVolumeRuntime (93)
[2017.06.08-14.02.43:885][442]LogModuleManager: Shutting down and abandoning module Paper2D (92)
[2017.06.08-14.02.43:885][442]LogModuleManager: Shutting down and abandoning module WindowsMoviePlayer (91)
[2017.06.08-14.02.43:886][442]LogModuleManager: Shutting down and abandoning module Media (90)
[2017.06.08-14.02.43:886][442]LogModuleManager: Shutting down and abandoning module WmfMedia (89)
[2017.06.08-14.02.43:887][442]LogModuleManager: Shutting down and abandoning module MediaAssets (88)
[2017.06.08-14.02.43:887][442]LogModuleManager: Shutting down and abandoning module GameLiveStreaming (87)
[2017.06.08-14.02.43:887][442]LogModuleManager: Shutting down and abandoning module GameplayTagsEditor (86)
[2017.06.08-14.02.43:887][442]LogModuleManager: Shutting down and abandoning module OnlineBlueprintSupport (85)
[2017.06.08-14.02.43:887][442]LogModuleManager: Shutting down and abandoning module VREditor (84)
[2017.06.08-14.02.43:887][442]LogModuleManager: Shutting down and abandoning module GameplayTasksEditor (83)
[2017.06.08-14.02.43:888][442]LogModuleManager: Shutting down and abandoning module PropertyEditor (82)
[2017.06.08-14.02.43:888][442]LogModuleManager: Shutting down and abandoning module BehaviorTreeEditor (81)
[2017.06.08-14.02.43:888][442]LogModuleManager: Shutting down and abandoning module FunctionalTesting (80)
[2017.06.08-14.02.43:888][442]LogModuleManager: Shutting down and abandoning module CollisionAnalyzer (79)
[2017.06.08-14.02.43:889][442]LogModuleManager: Shutting down and abandoning module Sequencer (78)
[2017.06.08-14.02.43:890][442]LogModuleManager: Shutting down and abandoning module WorkspaceMenuStructure (77)
[2017.06.08-14.02.43:890][442]LogModuleManager: Shutting down and abandoning module MessageLog (76)
[2017.06.08-14.02.43:891][442]LogModuleManager: Shutting down and abandoning module AssetTools (75)
[2017.06.08-14.02.43:892][442]LogModuleManager: Shutting down and abandoning module UMGEditor (74)
[2017.06.08-14.02.43:894][442]LogModuleManager: Shutting down and abandoning module UMG (73)
[2017.06.08-14.02.43:895][442]LogModuleManager: Shutting down and abandoning module SlateReflector (72)
[2017.06.08-14.02.43:898][442]LogModuleManager: Shutting down and abandoning module Slate (71)
[2017.06.08-14.02.43:898][442]LogModuleManager: Shutting down and abandoning module EditorStyle (70)
[2017.06.08-14.02.43:906][442]LogModuleManager: Shutting down and abandoning module SourceCodeAccess (69)
[2017.06.08-14.02.43:907][442]LogModuleManager: Shutting down and abandoning module HeadMountedDisplay (68)
[2017.06.08-14.02.43:907][442]LogModuleManager: Shutting down and abandoning module XAudio2 (67)
[2017.06.08-14.02.43:907][442]LogModuleManager: Shutting down and abandoning module Networking (65)
[2017.06.08-14.02.43:907][442]LogModuleManager: Shutting down and abandoning module Core (64)
[2017.06.08-14.02.43:907][442]LogModuleManager: Shutting down and abandoning module DirectoryWatcher (63)
[2017.06.08-14.02.43:917][442]LogModuleManager: Shutting down and abandoning module AssetRegistry (62)
[2017.06.08-14.02.44:073][442]LogModuleManager: Shutting down and abandoning module KismetCompiler (61)
[2017.06.08-14.02.44:073][442]LogModuleManager: Shutting down and abandoning module PhysXFormats (60)
[2017.06.08-14.02.44:073][442]LogModuleManager: Shutting down and abandoning module MeshUtilities (59)
[2017.06.08-14.02.44:074][442]LogModuleManager: Shutting down and abandoning module DerivedDataCache (58)
[2017.06.08-14.02.44:147][442]LogDerivedDataCache: Shutdown
[2017.06.08-14.02.44:147][442]LogModuleManager: Shutting down and abandoning module VulkanShaderFormat (57)
[2017.06.08-14.02.44:148][442]LogModuleManager: Shutting down and abandoning module ShaderFormatOpenGL (56)
[2017.06.08-14.02.44:148][442]LogModuleManager: Shutting down and abandoning module ShaderFormatD3D (55)
[2017.06.08-14.02.44:148][442]LogModuleManager: Shutting down and abandoning module MetalShaderFormat (54)
[2017.06.08-14.02.44:149][442]LogModuleManager: Shutting down and abandoning module TextureFormatUncompressed (53)
[2017.06.08-14.02.44:149][442]LogModuleManager: Shutting down and abandoning module TextureFormatPVR (52)
[2017.06.08-14.02.44:149][442]LogModuleManager: Shutting down and abandoning module TextureFormatIntelISPCTexComp (51)
[2017.06.08-14.02.44:150][442]LogModuleManager: Shutting down and abandoning module TextureFormatDXT (50)
[2017.06.08-14.02.44:150][442]LogModuleManager: Shutting down and abandoning module ImageWrapper (49)
[2017.06.08-14.02.44:150][442]LogModuleManager: Shutting down and abandoning module TextureFormatASTC (48)
[2017.06.08-14.02.44:150][442]LogModuleManager: Shutting down and abandoning module TextureFormatAndroid (47)
[2017.06.08-14.02.44:150][442]LogModuleManager: Shutting down and abandoning module AudioFormatOpus (46)
[2017.06.08-14.02.44:150][442]LogModuleManager: Shutting down and abandoning module AudioFormatOgg (45)
[2017.06.08-14.02.44:150][442]LogModuleManager: Shutting down and abandoning module AudioFormatADPCM (44)
[2017.06.08-14.02.44:150][442]LogModuleManager: Shutting down and abandoning module LinuxTargetPlatform (43)
[2017.06.08-14.02.44:151][442]LogModuleManager: Shutting down and abandoning module LinuxServerTargetPlatform (42)
[2017.06.08-14.02.44:151][442]LogModuleManager: Shutting down and abandoning module LinuxNoEditorTargetPlatform (41)
[2017.06.08-14.02.44:151][442]LogModuleManager: Shutting down and abandoning module TVOSTargetPlatform (40)
[2017.06.08-14.02.44:151][442]LogModuleManager: Shutting down and abandoning module Messaging (39)
[2017.06.08-14.02.44:151][442]LogModuleManager: Shutting down and abandoning module IOSTargetPlatform (38)
[2017.06.08-14.02.44:151][442]LogModuleManager: Shutting down and abandoning module HTML5TargetPlatform (37)
[2017.06.08-14.02.44:151][442]LogModuleManager: Shutting down and abandoning module Android_PVRTCTargetPlatform (36)
[2017.06.08-14.02.44:151][442]LogModuleManager: Shutting down and abandoning module Android_MultiTargetPlatform (35)
[2017.06.08-14.02.44:151][442]LogModuleManager: Shutting down and abandoning module Android_ETC2TargetPlatform (34)
[2017.06.08-14.02.44:151][442]LogModuleManager: Shutting down and abandoning module Android_ETC1TargetPlatform (33)
[2017.06.08-14.02.44:151][442]LogModuleManager: Shutting down and abandoning module Android_DXTTargetPlatform (32)
[2017.06.08-14.02.44:151][442]LogModuleManager: Shutting down and abandoning module Android_ATCTargetPlatform (31)
[2017.06.08-14.02.44:151][442]LogModuleManager: Shutting down and abandoning module Android_ASTCTargetPlatform (30)
[2017.06.08-14.02.44:151][442]LogModuleManager: Shutting down and abandoning module AndroidTargetPlatform (29)
[2017.06.08-14.02.44:151][442]LogModuleManager: Shutting down and abandoning module WindowsTargetPlatform (28)
[2017.06.08-14.02.44:152][442]LogModuleManager: Shutting down and abandoning module WindowsServerTargetPlatform (27)
[2017.06.08-14.02.44:152][442]LogModuleManager: Shutting down and abandoning module WindowsNoEditorTargetPlatform (26)
[2017.06.08-14.02.44:152][442]LogModuleManager: Shutting down and abandoning module WindowsClientTargetPlatform (25)
[2017.06.08-14.02.44:152][442]LogModuleManager: Shutting down and abandoning module AllDesktopTargetPlatform (24)
[2017.06.08-14.02.44:152][442]LogModuleManager: Shutting down and abandoning module TargetPlatform (23)
[2017.06.08-14.02.44:153][442]LogModuleManager: Shutting down and abandoning module InputCore (22)
[2017.06.08-14.02.44:153][442]LogModuleManager: Shutting down and abandoning module Settings (21)
[2017.06.08-14.02.44:153][442]LogModuleManager: Shutting down and abandoning module OnlineSubsystem (19)
[2017.06.08-14.02.44:153][442]LogModuleManager: Shutting down and abandoning module HTTP (18)
[2017.06.08-14.02.48:171][442]LogModuleManager: Shutting down and abandoning module XMPP (17)
[2017.06.08-14.02.48:172][442]LogModuleManager: Shutting down and abandoning module OculusRift (16)
[2017.06.08-14.02.48:173][442]LogModuleManager: Shutting down and abandoning module ExampleDeviceProfileSelector (15)
[2017.06.08-14.02.48:173][442]LogModuleManager: Shutting down and abandoning module TextureCompressor (14)
[2017.06.08-14.02.48:174][442]LogModuleManager: Shutting down and abandoning module ShaderCore (13)
[2017.06.08-14.02.48:174][442]LogModuleManager: Shutting down and abandoning module Landscape (12)
[2017.06.08-14.02.48:174][442]LogModuleManager: Shutting down and abandoning module SlateRHIRenderer (11)
[2017.06.08-14.02.48:193][442]LogModuleManager: Shutting down and abandoning module OpenGLDrv (10)
[2017.06.08-14.02.48:194][442]LogModuleManager: Shutting down and abandoning module D3D11RHI (9)
[2017.06.08-14.02.48:194][442]LogModuleManager: Shutting down and abandoning module AnimGraphRuntime (8)
[2017.06.08-14.02.48:194][442]LogModuleManager: Shutting down and abandoning module Renderer (7)
[2017.06.08-14.02.48:194][442]LogModuleManager: Shutting down and abandoning module Engine (6)
[2017.06.08-14.02.48:194][442]LogModuleManager: Shutting down and abandoning module CoreUObject (5)
[2017.06.08-14.02.48:194][442]LogModuleManager: Shutting down and abandoning module NetworkFile (4)
[2017.06.08-14.02.48:195][442]LogModuleManager: Shutting down and abandoning module StreamingFile (3)
[2017.06.08-14.02.48:195][442]LogModuleManager: Shutting down and abandoning module SandboxFile (2)
[2017.06.08-14.02.48:195][442]LogModuleManager: Shutting down and abandoning module PakFile (1)
[2017.06.08-14.02.48:202][442]LogExit: Exiting.
[2017.06.08-14.02.48:232][442]Log file closed, 06/08/17 10:02:48
